============================= test session starts =============================
platform win32 -- Python 3.11.9, pytest-9.0.2, pluggy-1.6.0 -- C:\Users\manuy\AppData\Local\Programs\Python\Python311\python.exe
cachedir: .pytest_cache
rootdir: C:\PROYECTOS_Y_ESTUDIOS\PROYECTO2026_SMISIA_7░4░
plugins: anyio-4.12.1, Faker-40.1.2, asyncio-1.3.0, cov-7.0.0
asyncio: mode=Mode.STRICT, debug=False, asyncio_default_fixture_loop_scope=None, asyncio_default_test_loop_scope=function
collecting ... collected 31 items

tests/test_api.py::TestHealthEndpoint::test_metrics_no_auth PASSED       [  3%]
tests/test_api.py::TestHealthEndpoint::test_metrics_response_shape PASSED [  6%]
tests/test_api.py::TestAuthMiddleware::test_infer_requires_auth PASSED   [  9%]
tests/test_api.py::TestAuthMiddleware::test_infer_with_auth PASSED       [ 12%]
tests/test_api.py::TestStatusEndpoint::test_status_unknown_silo PASSED   [ 16%]
tests/test_api.py::TestChatEndpoint::test_chat_unknown_intent PASSED     [ 19%]
tests/test_chatbot.py::TestChatbot::test_status_with_data PASSED         [ 22%]
tests/test_chatbot.py::TestChatbot::test_status_no_data PASSED           [ 25%]
tests/test_chatbot.py::TestChatbot::test_prediction_query PASSED         [ 29%]
tests/test_chatbot.py::TestChatbot::test_unknown_intent PASSED           [ 32%]
tests/test_chatbot.py::TestChatbot::test_dialog_examples_exist PASSED    [ 35%]
tests/test_features.py::TestFeatureEngineering::test_rolling_features_created PASSED [ 38%]
tests/test_features.py::TestFeatureEngineering::test_humidity_counters PASSED [ 41%]
tests/test_features.py::TestFeatureEngineering::test_combined_signals PASSED [ 45%]
tests/test_features.py::TestFeatureEngineering::test_static_features PASSED [ 48%]
tests/test_features.py::TestFeatureEngineering::test_full_pipeline PASSED [ 51%]
tests/test_labeling.py::TestHeuristicLabeling::test_labels_assigned PASSED [ 54%]
tests/test_labeling.py::TestHeuristicLabeling::test_critical_detection PASSED [ 58%]
tests/test_labeling.py::TestHeuristicLabeling::test_label_encoding PASSED [ 61%]
tests/test_labeling.py::TestHeuristicLabeling::test_active_learning_selection PASSED [ 64%]
tests/test_models.py::TestXGBoostModel::test_class_weights PASSED        [ 67%]
tests/test_models.py::TestXGBoostModel::test_get_feature_columns PASSED  [ 70%]
tests/test_models.py::TestCalibration::test_psi_calculation PASSED       [ 74%]
tests/test_models.py::TestCalibration::test_drift_check PASSED           [ 77%]
tests/test_models.py::TestAnomalyDetection::test_isolation_forest_trains PASSED [ 80%]
tests/test_preprocessing.py::TestValidators::test_validate_schema_success PASSED [ 83%]
tests/test_preprocessing.py::TestValidators::test_validate_schema_missing_column PASSED [ 87%]
tests/test_preprocessing.py::TestValidators::test_validate_timestamps PASSED [ 90%]
tests/test_preprocessing.py::TestValidators::test_filter_physical_ranges PASSED [ 93%]
tests/test_preprocessing.py::TestCleaner::test_impute_small_gaps PASSED  [ 96%]
tests/test_preprocessing.py::TestCleaner::test_pipeline_runs PASSED      [100%]

============================== warnings summary ===============================
tests/test_api.py::TestAuthMiddleware::test_infer_with_auth
tests/test_api.py::TestAuthMiddleware::test_infer_with_auth
tests/test_api.py::TestAuthMiddleware::test_infer_with_auth
tests/test_api.py::TestAuthMiddleware::test_infer_with_auth
  C:\Users\manuy\AppData\Local\Programs\Python\Python311\Lib\site-packages\pandas\core\window\rolling.py:611: RuntimeWarning: All-NaN slice encountered
    return func(x, start, end, min_periods, *numba_args)

-- Docs: https://docs.pytest.org/en/stable/how-to/capture-warnings.html
======================= 31 passed, 4 warnings in 4.56s ========================
